2025-07-27 12:46:50,177 - INFO - Starting SOL scalping strategy on Bybit testnet
2025-07-27 12:46:50,193 - INFO - Outside trading hours, sleeping for 60 seconds
2025-07-27 12:47:50,201 - INFO - Outside trading hours, sleeping for 60 seconds
2025-07-27 12:48:50,210 - INFO - Outside trading hours, sleeping for 60 seconds
2025-07-27 12:49:50,217 - INFO - Outside trading hours, sleeping for 60 seconds
2025-07-27 12:50:50,224 - INFO - Outside trading hours, sleeping for 60 seconds
2025-07-27 12:51:50,211 - INFO - Outside trading hours, sleeping for 60 seconds
2025-07-27 12:52:50,219 - INFO - Outside trading hours, sleeping for 60 seconds
2025-07-27 12:53:50,222 - INFO - Outside trading hours, sleeping for 60 seconds
2025-07-27 12:54:50,226 - INFO - Outside trading hours, sleeping for 60 seconds
2025-07-27 12:56:45,424 - INFO - Starting SOL scalping strategy on Bybit testnet
2025-07-27 12:56:46,603 - ERROR - Error: Http status code is not 200. (ErrCode: 401) (ErrTime: 10:56:46).
Request → GET https://api-testnet.bybit.com/v5/account/wallet-balance: accountType=UNIFIED.
2025-07-27 12:57:24,999 - INFO - Starting SOL scalping strategy on Bybit testnet
2025-07-27 12:57:26,047 - ERROR - Error: Http status code is not 200. (ErrCode: 401) (ErrTime: 10:57:26).
Request → GET https://api-testnet.bybit.com/v5/account/wallet-balance: accountType=UNIFIED.
2025-07-27 12:58:32,201 - ERROR - Error: Http status code is not 200. (ErrCode: 401) (ErrTime: 10:58:32).
Request → GET https://api-testnet.bybit.com/v5/account/wallet-balance: accountType=UNIFIED.
2025-07-27 12:59:38,341 - ERROR - Error: Http status code is not 200. (ErrCode: 401) (ErrTime: 10:59:38).
Request → GET https://api-testnet.bybit.com/v5/account/wallet-balance: accountType=UNIFIED.
2025-07-27 13:00:20,338 - INFO - Starting SOL scalping strategy on Bybit testnet
2025-07-27 13:00:21,821 - ERROR - Error: Http status code is not 200. (ErrCode: 401) (ErrTime: 11:00:21).
Request → GET https://api-testnet.bybit.com/v5/account/wallet-balance: accountType=UNIFIED.
2025-07-27 13:06:03,573 - INFO - Starting SOL scalping strategy on Bybit testnet
2025-07-27 13:06:04,852 - ERROR - Error: API key is invalid. (ErrCode: 10003) (ErrTime: 11:06:04).
Request → GET https://api-testnet.bybit.com/v5/account/wallet-balance: accountType=UNIFIED.
2025-07-27 13:06:23,476 - INFO - Starting SOL scalping strategy on Bybit testnet
2025-07-27 13:06:24,948 - ERROR - Error: API key is invalid. (ErrCode: 10003) (ErrTime: 11:06:24).
Request → GET https://api-testnet.bybit.com/v5/account/wallet-balance: accountType=UNIFIED.
